<?xml version="1.0" encoding="UTF-8" ?>
<testsuite tests="4" failures="0" name="za.co.simplitate.junit5.GreetingImplTest" time="0.029" errors="0" skipped="0">
  <properties>
[...]
</properties>
  <testcase classname="GreetingImplTest" name="whenNameIsBlank_thenGreetShouldThrowException()" time="0.023"/>
  <testcase classname="GreetingImplTest" name="whenNameIsNull_thenGreetShouldThrowException()" time="0.002"/>
  <testcase classname="GreetingImplTest" name="greetShouldReturnValidOutput()" time="0.003"/>
  <testcase classname="JUnit Vintage" name="JUnit Vintage" time="0.001"/>
</testsuite>